app/build/intermediates/manifest_merge_blame_file/release/manifest-merger-blame-release-report.txt
1<?xml version="1.0" encoding="utf-8"?>
2<manifest xmlns:android="http://schemas.android.com/apk/res/android"
3    package="com.timelane"
4    android:versionCode="4"
5    android:versionName="1.0.3" >
6
7    <uses-sdk
8        android:minSdkVersion="26"
9        android:targetSdkVersion="34" />
10
11    <uses-permission android:name="android.permission.WAKE_LOCK" />
11-->[androidx.work:work-runtime:2.7.1] AndroidManifest.xml:25:5-68
11-->[androidx.work:work-runtime:2.7.1] AndroidManifest.xml:25:22-65
12    <uses-permission android:name="android.permission.ACCESS_NETWORK_STATE" />
12-->[androidx.work:work-runtime:2.7.1] AndroidManifest.xml:26:5-79
12-->[androidx.work:work-runtime:2.7.1] AndroidManifest.xml:26:22-76
13    <uses-permission android:name="android.permission.RECEIVE_BOOT_COMPLETED" />
13-->[androidx.work:work-runtime:2.7.1] AndroidManifest.xml:27:5-81
13-->[androidx.work:work-runtime:2.7.1] AndroidManifest.xml:27:22-78
14    <uses-permission android:name="android.permission.FOREGROUND_SERVICE" />
14-->[androidx.work:work-runtime:2.7.1] AndroidManifest.xml:28:5-77
14-->[androidx.work:work-runtime:2.7.1] AndroidManifest.xml:28:22-74
15
16    <permission
16-->[androidx.core:core:1.12.0] AndroidManifest.xml:22:5-24:47
17        android:name="com.timelane.DYNAMIC_RECEIVER_NOT_EXPORTED_PERMISSION"
17-->[androidx.core:core:1.12.0] AndroidManifest.xml:23:9-81
18        android:protectionLevel="signature" />
18-->[androidx.core:core:1.12.0] AndroidManifest.xml:24:9-44
19
20    <uses-permission android:name="com.timelane.DYNAMIC_RECEIVER_NOT_EXPORTED_PERMISSION" />
20-->[androidx.core:core:1.12.0] AndroidManifest.xml:26:5-97
20-->[androidx.core:core:1.12.0] AndroidManifest.xml:26:22-94
21
22    <application
22-->src\main\AndroidManifest.xml:5:5-39:19
23        android:name="com.timelane.TimeLaneApp"
23-->src\main\AndroidManifest.xml:6:9-36
24        android:allowBackup="true"
24-->src\main\AndroidManifest.xml:7:9-35
25        android:appComponentFactory="androidx.core.app.CoreComponentFactory"
25-->[androidx.core:core:1.12.0] AndroidManifest.xml:28:18-86
26        android:dataExtractionRules="@xml/data_extraction_rules"
26-->src\main\AndroidManifest.xml:8:9-65
27        android:extractNativeLibs="false"
28        android:fullBackupContent="@xml/backup_rules"
28-->src\main\AndroidManifest.xml:9:9-54
29        android:icon="@mipmap/ic_launcher"
29-->src\main\AndroidManifest.xml:10:9-43
30        android:label="@string/app_name"
30-->src\main\AndroidManifest.xml:11:9-41
31        android:roundIcon="@mipmap/ic_launcher_round"
31-->src\main\AndroidManifest.xml:12:9-54
32        android:supportsRtl="true"
32-->src\main\AndroidManifest.xml:13:9-35
33        android:theme="@style/Theme.TimeLane" >
33-->src\main\AndroidManifest.xml:14:9-46
34        <activity
34-->src\main\AndroidManifest.xml:17:9-26:20
35            android:name="com.timelane.MainActivity"
35-->src\main\AndroidManifest.xml:18:13-41
36            android:exported="true"
36-->src\main\AndroidManifest.xml:19:13-36
37            android:label="@string/app_name"
37-->src\main\AndroidManifest.xml:20:13-45
38            android:theme="@style/Theme.TimeLane" >
38-->src\main\AndroidManifest.xml:21:13-50
39            <intent-filter>
39-->src\main\AndroidManifest.xml:22:13-25:29
40                <action android:name="android.intent.action.MAIN" />
40-->src\main\AndroidManifest.xml:23:17-69
40-->src\main\AndroidManifest.xml:23:25-66
41
42                <category android:name="android.intent.category.LAUNCHER" />
42-->src\main\AndroidManifest.xml:24:17-77
42-->src\main\AndroidManifest.xml:24:27-74
43            </intent-filter>
44        </activity>
45
46        <receiver
46-->src\main\AndroidManifest.xml:28:9-37:20
47            android:name="com.timelane.widget.WidgetReceiver"
47-->src\main\AndroidManifest.xml:29:13-50
48            android:exported="true" >
48-->src\main\AndroidManifest.xml:30:13-36
49            <intent-filter>
49-->src\main\AndroidManifest.xml:31:13-33:29
50                <action android:name="android.appwidget.action.APPWIDGET_UPDATE" />
50-->src\main\AndroidManifest.xml:32:17-84
50-->src\main\AndroidManifest.xml:32:25-81
51            </intent-filter>
52
53            <meta-data
53-->src\main\AndroidManifest.xml:34:13-36:65
54                android:name="android.appwidget.provider"
54-->src\main\AndroidManifest.xml:35:17-58
55                android:resource="@xml/time_lane_widget_info" />
55-->src\main\AndroidManifest.xml:36:17-62
56        </receiver>
57
58        <activity
58-->[androidx.glance:glance-appwidget:1.0.0] AndroidManifest.xml:23:9-27:40
59            android:name="androidx.glance.appwidget.action.ActionTrampolineActivity"
59-->[androidx.glance:glance-appwidget:1.0.0] AndroidManifest.xml:24:13-85
60            android:enabled="true"
60-->[androidx.glance:glance-appwidget:1.0.0] AndroidManifest.xml:25:13-35
61            android:excludeFromRecents="true"
61-->[androidx.glance:glance-appwidget:1.0.0] AndroidManifest.xml:26:13-46
62            android:exported="false" />
62-->[androidx.glance:glance-appwidget:1.0.0] AndroidManifest.xml:27:13-37
63        <activity
63-->[androidx.glance:glance-appwidget:1.0.0] AndroidManifest.xml:28:9-35:81
64            android:name="androidx.glance.appwidget.action.InvisibleActionTrampolineActivity"
64-->[androidx.glance:glance-appwidget:1.0.0] AndroidManifest.xml:29:13-94
65            android:enabled="true"
65-->[androidx.glance:glance-appwidget:1.0.0] AndroidManifest.xml:30:13-35
66            android:exported="false"
66-->[androidx.glance:glance-appwidget:1.0.0] AndroidManifest.xml:31:13-37
67            android:launchMode="singleInstance"
67-->[androidx.glance:glance-appwidget:1.0.0] AndroidManifest.xml:32:13-48
68            android:noHistory="true"
68-->[androidx.glance:glance-appwidget:1.0.0] AndroidManifest.xml:33:13-37
69            android:taskAffinity="androidx.glance.appwidget.ListAdapterCallbackTrampoline"
69-->[androidx.glance:glance-appwidget:1.0.0] AndroidManifest.xml:34:13-91
70            android:theme="@style/Widget.Glance.AppWidget.CallbackTrampoline" />
70-->[androidx.glance:glance-appwidget:1.0.0] AndroidManifest.xml:35:13-78
71
72        <receiver
72-->[androidx.glance:glance-appwidget:1.0.0] AndroidManifest.xml:37:9-40:40
73            android:name="androidx.glance.appwidget.action.ActionCallbackBroadcastReceiver"
73-->[androidx.glance:glance-appwidget:1.0.0] AndroidManifest.xml:38:13-92
74            android:enabled="true"
74-->[androidx.glance:glance-appwidget:1.0.0] AndroidManifest.xml:39:13-35
75            android:exported="false" />
75-->[androidx.glance:glance-appwidget:1.0.0] AndroidManifest.xml:40:13-37
76        <receiver
76-->[androidx.glance:glance-appwidget:1.0.0] AndroidManifest.xml:41:9-48:20
77            android:name="androidx.glance.appwidget.MyPackageReplacedReceiver"
77-->[androidx.glance:glance-appwidget:1.0.0] AndroidManifest.xml:42:13-79
78            android:enabled="true"
78-->[androidx.glance:glance-appwidget:1.0.0] AndroidManifest.xml:43:13-35
79            android:exported="false" >
79-->[androidx.glance:glance-appwidget:1.0.0] AndroidManifest.xml:44:13-37
80            <intent-filter>
80-->[androidx.glance:glance-appwidget:1.0.0] AndroidManifest.xml:45:13-47:29
81                <action android:name="android.intent.action.MY_PACKAGE_REPLACED" />
81-->[androidx.glance:glance-appwidget:1.0.0] AndroidManifest.xml:46:17-84
81-->[androidx.glance:glance-appwidget:1.0.0] AndroidManifest.xml:46:25-81
82            </intent-filter>
83        </receiver>
84
85        <service
85-->[androidx.glance:glance-appwidget:1.0.0] AndroidManifest.xml:50:9-53:72
86            android:name="androidx.glance.appwidget.GlanceRemoteViewsService"
86-->[androidx.glance:glance-appwidget:1.0.0] AndroidManifest.xml:51:13-78
87            android:exported="true"
87-->[androidx.glance:glance-appwidget:1.0.0] AndroidManifest.xml:52:13-36
88            android:permission="android.permission.BIND_REMOTEVIEWS" />
88-->[androidx.glance:glance-appwidget:1.0.0] AndroidManifest.xml:53:13-69
89
90        <provider
90-->[androidx.work:work-runtime:2.7.1] AndroidManifest.xml:31:9-39:20
91            android:name="androidx.startup.InitializationProvider"
91-->[androidx.work:work-runtime:2.7.1] AndroidManifest.xml:32:13-67
92            android:authorities="com.timelane.androidx-startup"
92-->[androidx.work:work-runtime:2.7.1] AndroidManifest.xml:33:13-68
93            android:exported="false" >
93-->[androidx.work:work-runtime:2.7.1] AndroidManifest.xml:34:13-37
94            <meta-data
94-->[androidx.work:work-runtime:2.7.1] AndroidManifest.xml:36:13-38:52
95                android:name="androidx.work.WorkManagerInitializer"
95-->[androidx.work:work-runtime:2.7.1] AndroidManifest.xml:37:17-68
96                android:value="androidx.startup" />
96-->[androidx.work:work-runtime:2.7.1] AndroidManifest.xml:38:17-49
97            <meta-data
97-->[androidx.emoji2:emoji2:1.3.0] AndroidManifest.xml:29:13-31:52
98                android:name="androidx.emoji2.text.EmojiCompatInitializer"
98-->[androidx.emoji2:emoji2:1.3.0] AndroidManifest.xml:30:17-75
99                android:value="androidx.startup" />
99-->[androidx.emoji2:emoji2:1.3.0] AndroidManifest.xml:31:17-49
100            <meta-data
100-->[androidx.lifecycle:lifecycle-process:2.7.0] AndroidManifest.xml:29:13-31:52
101                android:name="androidx.lifecycle.ProcessLifecycleInitializer"
101-->[androidx.lifecycle:lifecycle-process:2.7.0] AndroidManifest.xml:30:17-78
102                android:value="androidx.startup" />
102-->[androidx.lifecycle:lifecycle-process:2.7.0] AndroidManifest.xml:31:17-49
103            <meta-data
103-->[androidx.profileinstaller:profileinstaller:1.3.0] AndroidManifest.xml:29:13-31:52
104                android:name="androidx.profileinstaller.ProfileInstallerInitializer"
104-->[androidx.profileinstaller:profileinstaller:1.3.0] AndroidManifest.xml:30:17-85
105                android:value="androidx.startup" />
105-->[androidx.profileinstaller:profileinstaller:1.3.0] AndroidManifest.xml:31:17-49
106        </provider>
107
108        <service
108-->[androidx.work:work-runtime:2.7.1] AndroidManifest.xml:41:9-46:35
109            android:name="androidx.work.impl.background.systemalarm.SystemAlarmService"
109-->[androidx.work:work-runtime:2.7.1] AndroidManifest.xml:42:13-88
110            android:directBootAware="false"
110-->[androidx.work:work-runtime:2.7.1] AndroidManifest.xml:43:13-44
111            android:enabled="@bool/enable_system_alarm_service_default"
111-->[androidx.work:work-runtime:2.7.1] AndroidManifest.xml:44:13-72
112            android:exported="false" />
112-->[androidx.work:work-runtime:2.7.1] AndroidManifest.xml:45:13-37
113        <service
113-->[androidx.work:work-runtime:2.7.1] AndroidManifest.xml:47:9-53:35
114            android:name="androidx.work.impl.background.systemjob.SystemJobService"
114-->[androidx.work:work-runtime:2.7.1] AndroidManifest.xml:48:13-84
115            android:directBootAware="false"
115-->[androidx.work:work-runtime:2.7.1] AndroidManifest.xml:49:13-44
116            android:enabled="@bool/enable_system_job_service_default"
116-->[androidx.work:work-runtime:2.7.1] AndroidManifest.xml:50:13-70
117            android:exported="true"
117-->[androidx.work:work-runtime:2.7.1] AndroidManifest.xml:51:13-36
118            android:permission="android.permission.BIND_JOB_SERVICE" />
118-->[androidx.work:work-runtime:2.7.1] AndroidManifest.xml:52:13-69
119        <service
119-->[androidx.work:work-runtime:2.7.1] AndroidManifest.xml:54:9-59:35
120            android:name="androidx.work.impl.foreground.SystemForegroundService"
120-->[androidx.work:work-runtime:2.7.1] AndroidManifest.xml:55:13-81
121            android:directBootAware="false"
121-->[androidx.work:work-runtime:2.7.1] AndroidManifest.xml:56:13-44
122            android:enabled="@bool/enable_system_foreground_service_default"
122-->[androidx.work:work-runtime:2.7.1] AndroidManifest.xml:57:13-77
123            android:exported="false" />
123-->[androidx.work:work-runtime:2.7.1] AndroidManifest.xml:58:13-37
124
125        <receiver
125-->[androidx.work:work-runtime:2.7.1] AndroidManifest.xml:61:9-66:35
126            android:name="androidx.work.impl.utils.ForceStopRunnable$BroadcastReceiver"
126-->[androidx.work:work-runtime:2.7.1] AndroidManifest.xml:62:13-88
127            android:directBootAware="false"
127-->[androidx.work:work-runtime:2.7.1] AndroidManifest.xml:63:13-44
128            android:enabled="true"
128-->[androidx.work:work-runtime:2.7.1] AndroidManifest.xml:64:13-35
129            android:exported="false" />
129-->[androidx.work:work-runtime:2.7.1] AndroidManifest.xml:65:13-37
130        <receiver
130-->[androidx.work:work-runtime:2.7.1] AndroidManifest.xml:67:9-77:20
131            android:name="androidx.work.impl.background.systemalarm.ConstraintProxy$BatteryChargingProxy"
131-->[androidx.work:work-runtime:2.7.1] AndroidManifest.xml:68:13-106
132            android:directBootAware="false"
132-->[androidx.work:work-runtime:2.7.1] AndroidManifest.xml:69:13-44
133            android:enabled="false"
133-->[androidx.work:work-runtime:2.7.1] AndroidManifest.xml:70:13-36
134            android:exported="false" >
134-->[androidx.work:work-runtime:2.7.1] AndroidManifest.xml:71:13-37
135            <intent-filter>
135-->[androidx.work:work-runtime:2.7.1] AndroidManifest.xml:73:13-76:29
136                <action android:name="android.intent.action.ACTION_POWER_CONNECTED" />
136-->[androidx.work:work-runtime:2.7.1] AndroidManifest.xml:74:17-87
136-->[androidx.work:work-runtime:2.7.1] AndroidManifest.xml:74:25-84
137                <action android:name="android.intent.action.ACTION_POWER_DISCONNECTED" />
137-->[androidx.work:work-runtime:2.7.1] AndroidManifest.xml:75:17-90
137-->[androidx.work:work-runtime:2.7.1] AndroidManifest.xml:75:25-87
138            </intent-filter>
139        </receiver>
140        <receiver
140-->[androidx.work:work-runtime:2.7.1] AndroidManifest.xml:78:9-88:20
141            android:name="androidx.work.impl.background.systemalarm.ConstraintProxy$BatteryNotLowProxy"
141-->[androidx.work:work-runtime:2.7.1] AndroidManifest.xml:79:13-104
142            android:directBootAware="false"
142-->[androidx.work:work-runtime:2.7.1] AndroidManifest.xml:80:13-44
143            android:enabled="false"
143-->[androidx.work:work-runtime:2.7.1] AndroidManifest.xml:81:13-36
144            android:exported="false" >
144-->[androidx.work:work-runtime:2.7.1] AndroidManifest.xml:82:13-37
145            <intent-filter>
145-->[androidx.work:work-runtime:2.7.1] AndroidManifest.xml:84:13-87:29
146                <action android:name="android.intent.action.BATTERY_OKAY" />
146-->[androidx.work:work-runtime:2.7.1] AndroidManifest.xml:85:17-77
146-->[androidx.work:work-runtime:2.7.1] AndroidManifest.xml:85:25-74
147                <action android:name="android.intent.action.BATTERY_LOW" />
147-->[androidx.work:work-runtime:2.7.1] AndroidManifest.xml:86:17-76
147-->[androidx.work:work-runtime:2.7.1] AndroidManifest.xml:86:25-73
148            </intent-filter>
149        </receiver>
150        <receiver
150-->[androidx.work:work-runtime:2.7.1] AndroidManifest.xml:89:9-99:20
151            android:name="androidx.work.impl.background.systemalarm.ConstraintProxy$StorageNotLowProxy"
151-->[androidx.work:work-runtime:2.7.1] AndroidManifest.xml:90:13-104
152            android:directBootAware="false"
152-->[androidx.work:work-runtime:2.7.1] AndroidManifest.xml:91:13-44
153            android:enabled="false"
153-->[androidx.work:work-runtime:2.7.1] AndroidManifest.xml:92:13-36
154            android:exported="false" >
154-->[androidx.work:work-runtime:2.7.1] AndroidManifest.xml:93:13-37
155            <intent-filter>
155-->[androidx.work:work-runtime:2.7.1] AndroidManifest.xml:95:13-98:29
156                <action android:name="android.intent.action.DEVICE_STORAGE_LOW" />
156-->[androidx.work:work-runtime:2.7.1] AndroidManifest.xml:96:17-83
156-->[androidx.work:work-runtime:2.7.1] AndroidManifest.xml:96:25-80
157                <action android:name="android.intent.action.DEVICE_STORAGE_OK" />
157-->[androidx.work:work-runtime:2.7.1] AndroidManifest.xml:97:17-82
157-->[androidx.work:work-runtime:2.7.1] AndroidManifest.xml:97:25-79
158            </intent-filter>
159        </receiver>
160        <receiver
160-->[androidx.work:work-runtime:2.7.1] AndroidManifest.xml:100:9-109:20
161            android:name="androidx.work.impl.background.systemalarm.ConstraintProxy$NetworkStateProxy"
161-->[androidx.work:work-runtime:2.7.1] AndroidManifest.xml:101:13-103
162            android:directBootAware="false"
162-->[androidx.work:work-runtime:2.7.1] AndroidManifest.xml:102:13-44
163            android:enabled="false"
163-->[androidx.work:work-runtime:2.7.1] AndroidManifest.xml:103:13-36
164            android:exported="false" >
164-->[androidx.work:work-runtime:2.7.1] AndroidManifest.xml:104:13-37
165            <intent-filter>
165-->[androidx.work:work-runtime:2.7.1] AndroidManifest.xml:106:13-108:29
166                <action android:name="android.net.conn.CONNECTIVITY_CHANGE" />
166-->[androidx.work:work-runtime:2.7.1] AndroidManifest.xml:107:17-79
166-->[androidx.work:work-runtime:2.7.1] AndroidManifest.xml:107:25-76
167            </intent-filter>
168        </receiver>
169        <receiver
169-->[androidx.work:work-runtime:2.7.1] AndroidManifest.xml:110:9-121:20
170            android:name="androidx.work.impl.background.systemalarm.RescheduleReceiver"
170-->[androidx.work:work-runtime:2.7.1] AndroidManifest.xml:111:13-88
171            android:directBootAware="false"
171-->[androidx.work:work-runtime:2.7.1] AndroidManifest.xml:112:13-44
172            android:enabled="false"
172-->[androidx.work:work-runtime:2.7.1] AndroidManifest.xml:113:13-36
173            android:exported="false" >
173-->[androidx.work:work-runtime:2.7.1] AndroidManifest.xml:114:13-37
174            <intent-filter>
174-->[androidx.work:work-runtime:2.7.1] AndroidManifest.xml:116:13-120:29
175                <action android:name="android.intent.action.BOOT_COMPLETED" />
175-->[androidx.work:work-runtime:2.7.1] AndroidManifest.xml:117:17-79
175-->[androidx.work:work-runtime:2.7.1] AndroidManifest.xml:117:25-76
176                <action android:name="android.intent.action.TIME_SET" />
176-->[androidx.work:work-runtime:2.7.1] AndroidManifest.xml:118:17-73
176-->[androidx.work:work-runtime:2.7.1] AndroidManifest.xml:118:25-70
177                <action android:name="android.intent.action.TIMEZONE_CHANGED" />
177-->[androidx.work:work-runtime:2.7.1] AndroidManifest.xml:119:17-81
177-->[androidx.work:work-runtime:2.7.1] AndroidManifest.xml:119:25-78
178            </intent-filter>
179        </receiver>
180        <receiver
180-->[androidx.work:work-runtime:2.7.1] AndroidManifest.xml:122:9-131:20
181            android:name="androidx.work.impl.background.systemalarm.ConstraintProxyUpdateReceiver"
181-->[androidx.work:work-runtime:2.7.1] AndroidManifest.xml:123:13-99
182            android:directBootAware="false"
182-->[androidx.work:work-runtime:2.7.1] AndroidManifest.xml:124:13-44
183            android:enabled="@bool/enable_system_alarm_service_default"
183-->[androidx.work:work-runtime:2.7.1] AndroidManifest.xml:125:13-72
184            android:exported="false" >
184-->[androidx.work:work-runtime:2.7.1] AndroidManifest.xml:126:13-37
185            <intent-filter>
185-->[androidx.work:work-runtime:2.7.1] AndroidManifest.xml:128:13-130:29
186                <action android:name="androidx.work.impl.background.systemalarm.UpdateProxies" />
186-->[androidx.work:work-runtime:2.7.1] AndroidManifest.xml:129:17-98
186-->[androidx.work:work-runtime:2.7.1] AndroidManifest.xml:129:25-95
187            </intent-filter>
188        </receiver>
189        <receiver
189-->[androidx.work:work-runtime:2.7.1] AndroidManifest.xml:132:9-142:20
190            android:name="androidx.work.impl.diagnostics.DiagnosticsReceiver"
190-->[androidx.work:work-runtime:2.7.1] AndroidManifest.xml:133:13-78
191            android:directBootAware="false"
191-->[androidx.work:work-runtime:2.7.1] AndroidManifest.xml:134:13-44
192            android:enabled="true"
192-->[androidx.work:work-runtime:2.7.1] AndroidManifest.xml:135:13-35
193            android:exported="true"
193-->[androidx.work:work-runtime:2.7.1] AndroidManifest.xml:136:13-36
194            android:permission="android.permission.DUMP" >
194-->[androidx.work:work-runtime:2.7.1] AndroidManifest.xml:137:13-57
195            <intent-filter>
195-->[androidx.work:work-runtime:2.7.1] AndroidManifest.xml:139:13-141:29
196                <action android:name="androidx.work.diagnostics.REQUEST_DIAGNOSTICS" />
196-->[androidx.work:work-runtime:2.7.1] AndroidManifest.xml:140:17-88
196-->[androidx.work:work-runtime:2.7.1] AndroidManifest.xml:140:25-85
197            </intent-filter>
198        </receiver>
199
200        <service
200-->[androidx.core:core-remoteviews:1.0.0] AndroidManifest.xml:24:9-27:63
201            android:name="androidx.core.widget.RemoteViewsCompatService"
201-->[androidx.core:core-remoteviews:1.0.0] AndroidManifest.xml:25:13-73
202            android:permission="android.permission.BIND_REMOTEVIEWS" />
202-->[androidx.core:core-remoteviews:1.0.0] AndroidManifest.xml:26:13-69
203        <service
203-->[androidx.room:room-runtime:2.6.1] AndroidManifest.xml:24:9-28:63
204            android:name="androidx.room.MultiInstanceInvalidationService"
204-->[androidx.room:room-runtime:2.6.1] AndroidManifest.xml:25:13-74
205            android:directBootAware="true"
205-->[androidx.room:room-runtime:2.6.1] AndroidManifest.xml:26:13-43
206            android:exported="false" />
206-->[androidx.room:room-runtime:2.6.1] AndroidManifest.xml:27:13-37
207
208        <receiver
208-->[androidx.profileinstaller:profileinstaller:1.3.0] AndroidManifest.xml:34:9-52:20
209            android:name="androidx.profileinstaller.ProfileInstallReceiver"
209-->[androidx.profileinstaller:profileinstaller:1.3.0] AndroidManifest.xml:35:13-76
210            android:directBootAware="false"
210-->[androidx.profileinstaller:profileinstaller:1.3.0] AndroidManifest.xml:36:13-44
211            android:enabled="true"
211-->[androidx.profileinstaller:profileinstaller:1.3.0] AndroidManifest.xml:37:13-35
212            android:exported="true"
212-->[androidx.profileinstaller:profileinstaller:1.3.0] AndroidManifest.xml:38:13-36
213            android:permission="android.permission.DUMP" >
213-->[androidx.profileinstaller:profileinstaller:1.3.0] AndroidManifest.xml:39:13-57
214            <intent-filter>
214-->[androidx.profileinstaller:profileinstaller:1.3.0] AndroidManifest.xml:40:13-42:29
215                <action android:name="androidx.profileinstaller.action.INSTALL_PROFILE" />
215-->[androidx.profileinstaller:profileinstaller:1.3.0] AndroidManifest.xml:41:17-91
215-->[androidx.profileinstaller:profileinstaller:1.3.0] AndroidManifest.xml:41:25-88
216            </intent-filter>
217            <intent-filter>
217-->[androidx.profileinstaller:profileinstaller:1.3.0] AndroidManifest.xml:43:13-45:29
218                <action android:name="androidx.profileinstaller.action.SKIP_FILE" />
218-->[androidx.profileinstaller:profileinstaller:1.3.0] AndroidManifest.xml:44:17-85
218-->[androidx.profileinstaller:profileinstaller:1.3.0] AndroidManifest.xml:44:25-82
219            </intent-filter>
220            <intent-filter>
220-->[androidx.profileinstaller:profileinstaller:1.3.0] AndroidManifest.xml:46:13-48:29
221                <action android:name="androidx.profileinstaller.action.SAVE_PROFILE" />
221-->[androidx.profileinstaller:profileinstaller:1.3.0] AndroidManifest.xml:47:17-88
221-->[androidx.profileinstaller:profileinstaller:1.3.0] AndroidManifest.xml:47:25-85
222            </intent-filter>
223            <intent-filter>
223-->[androidx.profileinstaller:profileinstaller:1.3.0] AndroidManifest.xml:49:13-51:29
224                <action android:name="androidx.profileinstaller.action.BENCHMARK_OPERATION" />
224-->[androidx.profileinstaller:profileinstaller:1.3.0] AndroidManifest.xml:50:17-95
224-->[androidx.profileinstaller:profileinstaller:1.3.0] AndroidManifest.xml:50:25-92
225            </intent-filter>
226        </receiver>
227    </application>
228
229</manifest>